Using pre-set license
Built from '2021.1/china_unity/release' branch; Version is '2021.1.19f1c1 (5448069cf3b6) revision 5523462'; Using compiler version '192528614'; Build Type 'Release'
OS: 'Windows 10 Pro; OS build 18363.1443; Version 1909; 64bit' Language: 'zh' Physical Memory: 16303 MB
BatchMode: 1, IsHumanControllingUs: 0, StartBugReporterOnCrash: 0, Is64bit: 1, IsPro: 0

COMMAND LINE ARGUMENTS:
D:\Unity\2021.1.19f1c1\Editor\Unity.exe
-adb2
-batchMode
-noUpm
-name
AssetImportWorker5
-projectPath
D:/UnityProject/QframeworkTest01
-logFile
Logs/AssetImportWorker5.log
-srvPort
61227
Successfully changed project path to: D:/UnityProject/QframeworkTest01
D:/UnityProject/QframeworkTest01
Using Asset Import Pipeline V2.
Refreshing native plugins compatible for Editor in 104.96 ms, found 4 plugins.
Preloading 0 native plugins for Editor in 0.00 ms.
Initialize engine version: 2021.1.19f1c1 (5448069cf3b6)
[Subsystems] Discovering subsystems at path D:/Unity/2021.1.19f1c1/Editor/Data/Resources/UnitySubsystems
[Subsystems] Discovering subsystems at path D:/UnityProject/QframeworkTest01/Assets
GfxDevice: creating device client; threaded=0; jobified=0
Direct3D:
    Version:  Direct3D 11.0 [level 11.1]
    Renderer: NVIDIA GeForce RTX 2060 (ID=0x1f08)
    Vendor:   NVIDIA
    VRAM:     5980 MB
    Driver:   30.0.15.1165
Initialize mono
Mono path[0] = 'D:/Unity/2021.1.19f1c1/Editor/Data/Managed'
Mono path[1] = 'D:/Unity/2021.1.19f1c1/Editor/Data/MonoBleedingEdge/lib/mono/unityjit'
Mono config path = 'D:/Unity/2021.1.19f1c1/Editor/Data/MonoBleedingEdge/etc'
Using monoOptions --debugger-agent=transport=dt_socket,embedding=1,server=y,suspend=n,address=127.0.0.1:56876
Begin MonoManager ReloadAssembly
Registering precompiled unity dll's ...
Register platform support module: D:/Unity/2021.1.19f1c1/Editor/Data/PlaybackEngines/WindowsStandaloneSupport/UnityEditor.WindowsStandalone.Extensions.dll
Registered in 0.002237 seconds.
Native extension for WindowsStandalone target not found
Refreshing native plugins compatible for Editor in 109.89 ms, found 4 plugins.
Preloading 0 native plugins for Editor in 0.00 ms.
Mono: successfully reloaded assembly
- Completed reload, in  1.029 seconds
Domain Reload Profiling:
	ReloadAssembly (1029ms)
		BeginReloadAssembly (66ms)
			ExecutionOrderSort (0ms)
			DisableScriptedObjects (0ms)
			BackupInstance (0ms)
			ReleaseScriptingObjects (0ms)
			CreateAndSetChildDomain (1ms)
		EndReloadAssembly (493ms)
			LoadAssemblies (63ms)
			RebuildTransferFunctionScriptingTraits (0ms)
			SetupTypeCache (164ms)
			ReleaseScriptCaches (0ms)
			RebuildScriptCaches (31ms)
			SetupLoadedEditorAssemblies (250ms)
				LogAssemblyErrors (0ms)
				InitializePlatformSupportModulesInManaged (6ms)
				SetLoadedEditorAssemblies (0ms)
				RefreshPlugins (110ms)
				BeforeProcessingInitializeOnLoad (1ms)
				ProcessInitializeOnLoadAttributes (101ms)
				ProcessInitializeOnLoadMethodAttributes (32ms)
				AfterProcessingInitializeOnLoad (0ms)
				EditorAssembliesLoaded (0ms)
			ExecutionOrderSort2 (0ms)
			AwakeInstancesAfterBackupRestoration (0ms)
Platform modules already initialized, skipping
Registering precompiled user dll's ...
Registered in 0.005199 seconds.
Begin MonoManager ReloadAssembly
Symbol file LoadedFromMemory doesn't match image D:\UnityProject\QframeworkTest01\Library\PackageCache\com.unity.visualscripting@1.6.1\Editor\VisualScripting.Core\Dependencies\YamlDotNet\Unity.VisualScripting.YamlDotNet.dll
Symbol file LoadedFromMemory doesn't match image D:\UnityProject\QframeworkTest01\Library\PackageCache\com.unity.visualscripting@1.6.1\Editor\VisualScripting.Core\Dependencies\DotNetZip\Unity.VisualScripting.IonicZip.dll
Native extension for WindowsStandalone target not found
Refreshing native plugins compatible for Editor in 105.45 ms, found 4 plugins.
Preloading 0 native plugins for Editor in 0.00 ms.
Mono: successfully reloaded assembly
- Completed reload, in  2.995 seconds
Domain Reload Profiling:
	ReloadAssembly (2996ms)
		BeginReloadAssembly (201ms)
			ExecutionOrderSort (0ms)
			DisableScriptedObjects (5ms)
			BackupInstance (0ms)
			ReleaseScriptingObjects (0ms)
			CreateAndSetChildDomain (62ms)
		EndReloadAssembly (2727ms)
			LoadAssemblies (1571ms)
			RebuildTransferFunctionScriptingTraits (0ms)
			SetupTypeCache (439ms)
			ReleaseScriptCaches (1ms)
			RebuildScriptCaches (55ms)
			SetupLoadedEditorAssemblies (566ms)
				LogAssemblyErrors (0ms)
				InitializePlatformSupportModulesInManaged (4ms)
				SetLoadedEditorAssemblies (0ms)
				RefreshPlugins (106ms)
				BeforeProcessingInitializeOnLoad (92ms)
				ProcessInitializeOnLoadAttributes (340ms)
				ProcessInitializeOnLoadMethodAttributes (17ms)
				AfterProcessingInitializeOnLoad (7ms)
				EditorAssembliesLoaded (0ms)
			ExecutionOrderSort2 (0ms)
			AwakeInstancesAfterBackupRestoration (7ms)
Platform modules already initialized, skipping
========================================================================
Worker process is ready to serve import requests
Launched and connected shader compiler UnityShaderCompiler.exe after 0.09 seconds
Refreshing native plugins compatible for Editor in 0.75 ms, found 4 plugins.
Preloading 0 native plugins for Editor in 0.00 ms.
Unloading 3717 Unused Serialized files (Serialized files now loaded: 0)
System memory in use before: 142.1 MB.
System memory in use after: 142.3 MB.

Unloading 30 unused Assets to reduce memory usage. Loaded Objects now: 4169.
Total: 44.887700 ms (FindLiveObjects: 0.294300 ms CreateObjectMapping: 0.208400 ms MarkObjects: 44.317600 ms  DeleteObjects: 0.066200 ms)

AssetImportParameters requested are different than current active one (requested -> active):
  custom:framework-win-MediaFoundation: 216162199b28c13a410421893ffa2e32 -> 
  custom:video-decoder-ogg-theora: a1e56fd34408186e4bbccfd4996cb3dc -> 
  custom:container-muxer-webm: aa71ff27fc2769a1b78a27578f13a17b -> 
  custom:container-demuxer-webm: 4f35f7cbe854078d1ac9338744f61a02 -> 
  custom:container-demuxer-ogg: 62fdf1f143b41e24485cea50d1cbac27 -> 
  custom:video-encoder-webm-vp8: eb34c28f22e8b96e1ab97ce403110664 -> 
  custom:video-decoder-webm-vp8: 9c59270c3fd7afecdb556c50c9e8de78 -> 
  custom:audio-decoder-ogg-vorbis: bf7c407c2cedff20999df2af8eb42d56 -> 
  custom:audio-encoder-webm-vorbis: bf7c407c2cedff20999df2af8eb42d56 -> 
========================================================================
Received Import Request.
  path: Assets/Resources/Image/Background
  artifactKey: Guid(8c63ba2b48def544b8a3028845cce9bf) Importer(815301076,1909f56bfc062723c751e8b465ee728b)
Start importing Assets/Resources/Image/Background using Guid(8c63ba2b48def544b8a3028845cce9bf) Importer(815301076,1909f56bfc062723c751e8b465ee728b)  -> (artifact id: 'a68a8d9414a22a79b23fc06f73e56419') in 0.027404 seconds 
========================================================================
Received Import Request.
  Time since last request: 708.944350 seconds.
  path: Assets/Resources/Image/Background/bg_marsh_0.png
  artifactKey: Guid(7f1e6eeb70994c14e87e3f365ab1174c) Importer(815301076,1909f56bfc062723c751e8b465ee728b)
Start importing Assets/Resources/Image/Background/bg_marsh_0.png using Guid(7f1e6eeb70994c14e87e3f365ab1174c) Importer(815301076,1909f56bfc062723c751e8b465ee728b)  -> (artifact id: '5613482d32e6585f49c77825b9f5a3fb') in 0.295169 seconds 
========================================================================
Received Import Request.
  Time since last request: 253.401936 seconds.
  path: Assets/Resources/Image/Background/bg_grass_1.png
  artifactKey: Guid(5a05677daf965ee4998ded1921475638) Importer(815301076,1909f56bfc062723c751e8b465ee728b)
Start importing Assets/Resources/Image/Background/bg_grass_1.png using Guid(5a05677daf965ee4998ded1921475638) Importer(815301076,1909f56bfc062723c751e8b465ee728b)  -> (artifact id: 'd50f95e5dc4a8ae99d4fee23f1483403') in 0.051523 seconds 
========================================================================
Received Prepare
Registering precompiled user dll's ...
Registered in 0.137515 seconds.
Begin MonoManager ReloadAssembly
Symbol file LoadedFromMemory doesn't match image D:\UnityProject\QframeworkTest01\Library\PackageCache\com.unity.visualscripting@1.6.1\Editor\VisualScripting.Core\Dependencies\YamlDotNet\Unity.VisualScripting.YamlDotNet.dll
Symbol file LoadedFromMemory doesn't match image D:\UnityProject\QframeworkTest01\Library\PackageCache\com.unity.visualscripting@1.6.1\Editor\VisualScripting.Core\Dependencies\DotNetZip\Unity.VisualScripting.IonicZip.dll
Native extension for WindowsStandalone target not found
Refreshing native plugins compatible for Editor in 0.70 ms, found 4 plugins.
Preloading 0 native plugins for Editor in 0.00 ms.
Mono: successfully reloaded assembly
- Completed reload, in  3.899 seconds
Domain Reload Profiling:
	ReloadAssembly (3899ms)
		BeginReloadAssembly (1274ms)
			ExecutionOrderSort (0ms)
			DisableScriptedObjects (6ms)
			BackupInstance (0ms)
			ReleaseScriptingObjects (0ms)
			CreateAndSetChildDomain (51ms)
		EndReloadAssembly (2558ms)
			LoadAssemblies (2680ms)
			RebuildTransferFunctionScriptingTraits (0ms)
			SetupTypeCache (411ms)
			ReleaseScriptCaches (1ms)
			RebuildScriptCaches (45ms)
			SetupLoadedEditorAssemblies (337ms)
				LogAssemblyErrors (0ms)
				InitializePlatformSupportModulesInManaged (5ms)
				SetLoadedEditorAssemblies (1ms)
				RefreshPlugins (1ms)
				BeforeProcessingInitializeOnLoad (72ms)
				ProcessInitializeOnLoadAttributes (242ms)
				ProcessInitializeOnLoadMethodAttributes (9ms)
				AfterProcessingInitializeOnLoad (7ms)
				EditorAssembliesLoaded (0ms)
			ExecutionOrderSort2 (0ms)
			AwakeInstancesAfterBackupRestoration (20ms)
Platform modules already initialized, skipping
Refreshing native plugins compatible for Editor in 0.69 ms, found 4 plugins.
Preloading 0 native plugins for Editor in 0.00 ms.
Unloading 3696 Unused Serialized files (Serialized files now loaded: 0)
System memory in use before: 147.2 MB.
System memory in use after: 147.4 MB.

Unloading 18 unused Assets to reduce memory usage. Loaded Objects now: 4210.
Total: 4.386000 ms (FindLiveObjects: 0.300400 ms CreateObjectMapping: 0.218400 ms MarkObjects: 3.842600 ms  DeleteObjects: 0.023200 ms)

AssetImportParameters requested are different than current active one (requested -> active):
  custom:framework-win-MediaFoundation: 216162199b28c13a410421893ffa2e32 -> 
  custom:video-decoder-ogg-theora: a1e56fd34408186e4bbccfd4996cb3dc -> 
  custom:container-muxer-webm: aa71ff27fc2769a1b78a27578f13a17b -> 
  custom:container-demuxer-webm: 4f35f7cbe854078d1ac9338744f61a02 -> 
  custom:container-demuxer-ogg: 62fdf1f143b41e24485cea50d1cbac27 -> 
  custom:video-encoder-webm-vp8: eb34c28f22e8b96e1ab97ce403110664 -> 
  custom:video-decoder-webm-vp8: 9c59270c3fd7afecdb556c50c9e8de78 -> 
  custom:audio-decoder-ogg-vorbis: bf7c407c2cedff20999df2af8eb42d56 -> 
  custom:audio-encoder-webm-vorbis: bf7c407c2cedff20999df2af8eb42d56 -> 
========================================================================
Received Import Request.
  Time since last request: 211.313050 seconds.
  path: Assets/Resources/Image/Background/bg_beach_0.png
  artifactKey: Guid(e2634ce7a9f64024096de5d2def86b9b) Importer(815301076,1909f56bfc062723c751e8b465ee728b)
Start importing Assets/Resources/Image/Background/bg_beach_0.png using Guid(e2634ce7a9f64024096de5d2def86b9b) Importer(815301076,1909f56bfc062723c751e8b465ee728b)  -> (artifact id: 'ea06124c13feee2c530fbf86184c0739') in 0.193066 seconds 
========================================================================
Received Import Request.
  Time since last request: 0.000251 seconds.
  path: Assets/Resources/Image/Enemy/Ground/ground_monster_0.png
  artifactKey: Guid(ade58e0aa79ce0145a8bda02b1f48417) Importer(815301076,1909f56bfc062723c751e8b465ee728b)
Start importing Assets/Resources/Image/Enemy/Ground/ground_monster_0.png using Guid(ade58e0aa79ce0145a8bda02b1f48417) Importer(815301076,1909f56bfc062723c751e8b465ee728b)  -> (artifact id: 'eb32a160026d53302cd7a20bea57776a') in 0.115783 seconds 
========================================================================
Received Import Request.
  Time since last request: 0.000316 seconds.
  path: Assets/Resources/Image/red_circle.png
  artifactKey: Guid(8e0f5c404733acd4aaa44f4e13e780d5) Importer(815301076,1909f56bfc062723c751e8b465ee728b)
Start importing Assets/Resources/Image/red_circle.png using Guid(8e0f5c404733acd4aaa44f4e13e780d5) Importer(815301076,1909f56bfc062723c751e8b465ee728b)  -> (artifact id: '2ba0adbbfc3cd5a683aae7e5166325e2') in 0.115115 seconds 
========================================================================
Received Import Request.
  Time since last request: 0.000353 seconds.
  path: Assets/Resources/Image/Enemy/Fire/fire_monster_2.png
  artifactKey: Guid(580c4accf4343734889d3c9864029153) Importer(815301076,1909f56bfc062723c751e8b465ee728b)
Start importing Assets/Resources/Image/Enemy/Fire/fire_monster_2.png using Guid(580c4accf4343734889d3c9864029153) Importer(815301076,1909f56bfc062723c751e8b465ee728b)  -> (artifact id: '49a27ea4981fd282a0bfd4da3c26e791') in 0.135223 seconds 
========================================================================
Received Import Request.
  Time since last request: 0.000380 seconds.
  path: Assets/Resources/Image/PokmonEnemy/Mountain/mountain_monster_0.png
  artifactKey: Guid(0fbf13d5de209aa4797daeb306e5037b) Importer(815301076,1909f56bfc062723c751e8b465ee728b)
Start importing Assets/Resources/Image/PokmonEnemy/Mountain/mountain_monster_0.png using Guid(0fbf13d5de209aa4797daeb306e5037b) Importer(815301076,1909f56bfc062723c751e8b465ee728b)  -> (artifact id: '12193880ee362e14401e8a28cafb5685') in 0.117946 seconds 
========================================================================
Received Import Request.
  Time since last request: 0.000286 seconds.
  path: Assets/Resources/Image/PokmonEnemy/Plant/plant_monster_1.png
  artifactKey: Guid(9b098f2ea5ff0174e9a0c4cafc0b0d4b) Importer(815301076,1909f56bfc062723c751e8b465ee728b)
Start importing Assets/Resources/Image/PokmonEnemy/Plant/plant_monster_1.png using Guid(9b098f2ea5ff0174e9a0c4cafc0b0d4b) Importer(815301076,1909f56bfc062723c751e8b465ee728b)  -> (artifact id: 'd69c635223225f62f72eee6ac0a5a0cc') in 0.122131 seconds 
========================================================================
Received Import Request.
  Time since last request: 0.000377 seconds.
  path: Assets/Resources/Image/PokmonEnemy/Fire/fire_monster_2.png
  artifactKey: Guid(f0dc8ce7222f66b4fbd4ed286a4a0dcc) Importer(815301076,1909f56bfc062723c751e8b465ee728b)
Start importing Assets/Resources/Image/PokmonEnemy/Fire/fire_monster_2.png using Guid(f0dc8ce7222f66b4fbd4ed286a4a0dcc) Importer(815301076,1909f56bfc062723c751e8b465ee728b)  -> (artifact id: 'ab7a8f3667424940339c39a2b71d426b') in 0.092036 seconds 
========================================================================
Received Import Request.
  Time since last request: 0.000304 seconds.
  path: Assets/Resources/Image/Enemy/Ground/ground_monster_3.png
  artifactKey: Guid(4e305c423b784204fb7462211c04a373) Importer(815301076,1909f56bfc062723c751e8b465ee728b)
Start importing Assets/Resources/Image/Enemy/Ground/ground_monster_3.png using Guid(4e305c423b784204fb7462211c04a373) Importer(815301076,1909f56bfc062723c751e8b465ee728b)  -> (artifact id: '51c435b8de3b8492763fbb122d31843f') in 0.124442 seconds 
========================================================================
Received Import Request.
  Time since last request: 0.000295 seconds.
  path: Assets/Resources/Image/Enemy/Fire/fire_monster_1.png
  artifactKey: Guid(2f8a4b7ef872fe14294ac411bd7bb8c4) Importer(815301076,1909f56bfc062723c751e8b465ee728b)
Start importing Assets/Resources/Image/Enemy/Fire/fire_monster_1.png using Guid(2f8a4b7ef872fe14294ac411bd7bb8c4) Importer(815301076,1909f56bfc062723c751e8b465ee728b)  -> (artifact id: '7ac38870fc77f42b3f48673754cd7232') in 0.072112 seconds 
========================================================================
Received Import Request.
  Time since last request: 0.000313 seconds.
  path: Assets/Resources/Image/PokmonEnemy/Mountain/mountain_monster_3.png
  artifactKey: Guid(c2390bc5ab5da894393c8ab0e685d2e9) Importer(815301076,1909f56bfc062723c751e8b465ee728b)
Start importing Assets/Resources/Image/PokmonEnemy/Mountain/mountain_monster_3.png using Guid(c2390bc5ab5da894393c8ab0e685d2e9) Importer(815301076,1909f56bfc062723c751e8b465ee728b)  -> (artifact id: '0807a38873a2ef50893bcf12b6ad456d') in 0.061178 seconds 
========================================================================
Received Import Request.
  Time since last request: 0.000294 seconds.
  path: Assets/Resources/Image/Enemy/Plant/plant_monster_0.png
  artifactKey: Guid(6bbd642c954b5f34f88a24ab6519ef78) Importer(815301076,1909f56bfc062723c751e8b465ee728b)
Start importing Assets/Resources/Image/Enemy/Plant/plant_monster_0.png using Guid(6bbd642c954b5f34f88a24ab6519ef78) Importer(815301076,1909f56bfc062723c751e8b465ee728b)  -> (artifact id: 'cba8c974f0059aa1fda38bf1e60e7f54') in 0.108542 seconds 
========================================================================
Received Import Request.
  Time since last request: 0.000347 seconds.
  path: Assets/Resources/Image/PokmonEnemy/Mountain/mountain_monster_4.png
  artifactKey: Guid(9f3dcf7f3a72d3346a6db2283b294d71) Importer(815301076,1909f56bfc062723c751e8b465ee728b)
Start importing Assets/Resources/Image/PokmonEnemy/Mountain/mountain_monster_4.png using Guid(9f3dcf7f3a72d3346a6db2283b294d71) Importer(815301076,1909f56bfc062723c751e8b465ee728b)  -> (artifact id: '104f6127d51c12e58735204f7f68c91c') in 0.107046 seconds 
========================================================================
Received Import Request.
  Time since last request: 0.000320 seconds.
  path: Assets/Resources/Image/Background/bg_grass_0.png
  artifactKey: Guid(286ede8b655203943904fbf910af8654) Importer(815301076,1909f56bfc062723c751e8b465ee728b)
Start importing Assets/Resources/Image/Background/bg_grass_0.png using Guid(286ede8b655203943904fbf910af8654) Importer(815301076,1909f56bfc062723c751e8b465ee728b)  -> (artifact id: 'ef19da779b03cdacc2022785c9a56fd7') in 0.124962 seconds 
========================================================================
Received Import Request.
  Time since last request: 0.000308 seconds.
  path: Assets/Resources/Image/PokmonEnemy/Light/light_monster_4.png
  artifactKey: Guid(28b0b34864b19ef4891c95b1fad80a4a) Importer(815301076,1909f56bfc062723c751e8b465ee728b)
Start importing Assets/Resources/Image/PokmonEnemy/Light/light_monster_4.png using Guid(28b0b34864b19ef4891c95b1fad80a4a) Importer(815301076,1909f56bfc062723c751e8b465ee728b)  -> (artifact id: 'a6a0a3077d1a4f4b1074c96962b300a9') in 0.131106 seconds 
========================================================================
Received Import Request.
  Time since last request: 0.000350 seconds.
  path: Assets/Resources/Image/PokmonEnemy/Ground/ground_monster_4.png
  artifactKey: Guid(a206d2ce29871cd479fad042dd913c64) Importer(815301076,1909f56bfc062723c751e8b465ee728b)
Start importing Assets/Resources/Image/PokmonEnemy/Ground/ground_monster_4.png using Guid(a206d2ce29871cd479fad042dd913c64) Importer(815301076,1909f56bfc062723c751e8b465ee728b)  -> (artifact id: 'e32f3f6e82a7b9defb2a95685656f67a') in 0.137481 seconds 
========================================================================
Received Import Request.
  Time since last request: 0.000352 seconds.
  path: Assets/Resources/Image/Background/bg_mountain_0.png
  artifactKey: Guid(012de2aa3532cea48affd61869a5fa71) Importer(815301076,1909f56bfc062723c751e8b465ee728b)
Start importing Assets/Resources/Image/Background/bg_mountain_0.png using Guid(012de2aa3532cea48affd61869a5fa71) Importer(815301076,1909f56bfc062723c751e8b465ee728b)  -> (artifact id: '0346153175318a23b00e58a1c7a4f450') in 0.190327 seconds 
========================================================================
Received Import Request.
  Time since last request: 0.000338 seconds.
  path: Assets/Resources/Image/PokmonEnemy/Ground/ground_monster_3.png
  artifactKey: Guid(e13ee801545f81546ab1b7c7005a3b8d) Importer(815301076,1909f56bfc062723c751e8b465ee728b)
Start importing Assets/Resources/Image/PokmonEnemy/Ground/ground_monster_3.png using Guid(e13ee801545f81546ab1b7c7005a3b8d) Importer(815301076,1909f56bfc062723c751e8b465ee728b)  -> (artifact id: '24fe7f2a8473273d2b1959e6361a929c') in 0.101112 seconds 
========================================================================
Received Import Request.
  Time since last request: 0.000313 seconds.
  path: Assets/Resources/Image/Enemy/Plant/plant_monster_1.png
  artifactKey: Guid(7b6f8a1999ff44546a596e92e191ff69) Importer(815301076,1909f56bfc062723c751e8b465ee728b)
Start importing Assets/Resources/Image/Enemy/Plant/plant_monster_1.png using Guid(7b6f8a1999ff44546a596e92e191ff69) Importer(815301076,1909f56bfc062723c751e8b465ee728b)  -> (artifact id: '842685695a44c43c80cb143eb6180b39') in 0.151209 seconds 
========================================================================
Received Import Request.
  Time since last request: 0.000307 seconds.
  path: Assets/Resources/Image/Enemy/Ground/ground_monster_1.png
  artifactKey: Guid(b2a700cf096d4b54a8767af9d01c8037) Importer(815301076,1909f56bfc062723c751e8b465ee728b)
Start importing Assets/Resources/Image/Enemy/Ground/ground_monster_1.png using Guid(b2a700cf096d4b54a8767af9d01c8037) Importer(815301076,1909f56bfc062723c751e8b465ee728b)  -> (artifact id: '43eafa06fbbf22512f3acfd1f85aad94') in 0.078953 seconds 
========================================================================
Received Import Request.
  Time since last request: 0.000339 seconds.
  path: Assets/Resources/Image/PokmonEnemy/Ground/ground_monster_0.png
  artifactKey: Guid(285b420f4477dbd488046bb234e9b4f0) Importer(815301076,1909f56bfc062723c751e8b465ee728b)
Start importing Assets/Resources/Image/PokmonEnemy/Ground/ground_monster_0.png using Guid(285b420f4477dbd488046bb234e9b4f0) Importer(815301076,1909f56bfc062723c751e8b465ee728b)  -> (artifact id: '622f808817ee33f1b79bf011d8eacd5e') in 0.179043 seconds 
========================================================================
Received Import Request.
  Time since last request: 0.000318 seconds.
  path: Assets/Resources/Image/PokmonEnemy/Ground/ground_monster_1.png
  artifactKey: Guid(b833c7bb695af154eacc73231f5adeee) Importer(815301076,1909f56bfc062723c751e8b465ee728b)
Start importing Assets/Resources/Image/PokmonEnemy/Ground/ground_monster_1.png using Guid(b833c7bb695af154eacc73231f5adeee) Importer(815301076,1909f56bfc062723c751e8b465ee728b)  -> (artifact id: 'dc01cab3969ed3924e322b4d379f7c7f') in 0.104728 seconds 
========================================================================
Received Import Request.
  Time since last request: 0.028600 seconds.
  path: Assets/Resources/Image/Background/bg_forest_0.png
  artifactKey: Guid(3743af4ed09e0d343aa81fe4c2bd45aa) Importer(815301076,1909f56bfc062723c751e8b465ee728b)
Start importing Assets/Resources/Image/Background/bg_forest_0.png using Guid(3743af4ed09e0d343aa81fe4c2bd45aa) Importer(815301076,1909f56bfc062723c751e8b465ee728b)  -> (artifact id: '0ae41e9f165e0d0066f38c1c19c69502') in 0.080249 seconds 
========================================================================
Received Import Request.
  Time since last request: 0.000300 seconds.
  path: Assets/Resources/Image/PokmonEnemy/Plant/plant_monster_0.png
  artifactKey: Guid(43c0844242362cc4596a1bfb86088c20) Importer(815301076,1909f56bfc062723c751e8b465ee728b)
Start importing Assets/Resources/Image/PokmonEnemy/Plant/plant_monster_0.png using Guid(43c0844242362cc4596a1bfb86088c20) Importer(815301076,1909f56bfc062723c751e8b465ee728b)  -> (artifact id: '6577fbbdac23632fadf3dfb64907213e') in 0.221628 seconds 
========================================================================
Received Import Request.
  Time since last request: 0.000304 seconds.
  path: Assets/Resources/Image/red_button10.png
  artifactKey: Guid(2684342c41f3a1840b400126bc5334d2) Importer(815301076,1909f56bfc062723c751e8b465ee728b)
Start importing Assets/Resources/Image/red_button10.png using Guid(2684342c41f3a1840b400126bc5334d2) Importer(815301076,1909f56bfc062723c751e8b465ee728b)  -> (artifact id: '18d5906611cf6524c2ffef66907854c0') in 0.073039 seconds 
========================================================================
Received Import Request.
  Time since last request: 0.000309 seconds.
  path: Assets/Resources/Image/red_sliderDown.png
  artifactKey: Guid(ff833b2c2762f5b4aafea71926382890) Importer(815301076,1909f56bfc062723c751e8b465ee728b)
Start importing Assets/Resources/Image/red_sliderDown.png using Guid(ff833b2c2762f5b4aafea71926382890) Importer(815301076,1909f56bfc062723c751e8b465ee728b)  -> (artifact id: '78e3dc395760c7d17cd89bb26aa43a7a') in 0.070628 seconds 
========================================================================
Received Import Request.
  Time since last request: 0.000372 seconds.
  path: Assets/Resources/Image/PokmonEnemy/Light/light_monster_0.png
  artifactKey: Guid(431452353d0d0704392c37c823739ef8) Importer(815301076,1909f56bfc062723c751e8b465ee728b)
Start importing Assets/Resources/Image/PokmonEnemy/Light/light_monster_0.png using Guid(431452353d0d0704392c37c823739ef8) Importer(815301076,1909f56bfc062723c751e8b465ee728b)  -> (artifact id: '7dd19aa54a560579ee6d0aec789ee5ca') in 0.038600 seconds 
========================================================================
Received Import Request.
  Time since last request: 0.000320 seconds.
  path: Assets/Resources/Image/Background/bg_river_0.png
  artifactKey: Guid(b89bb0167507d3747b83ad46bc87c7b4) Importer(815301076,1909f56bfc062723c751e8b465ee728b)
Start importing Assets/Resources/Image/Background/bg_river_0.png using Guid(b89bb0167507d3747b83ad46bc87c7b4) Importer(815301076,1909f56bfc062723c751e8b465ee728b)  -> (artifact id: 'c0af88396c2ed9f8529aaccef962eb50') in 0.096369 seconds 
========================================================================
Received Import Request.
  Time since last request: 0.000295 seconds.
  path: Assets/Resources/Image/PokmonEnemy/Light/light_monster_1.png
  artifactKey: Guid(e7f12d270cedb31499fa6c7d7c14cf4e) Importer(815301076,1909f56bfc062723c751e8b465ee728b)
Start importing Assets/Resources/Image/PokmonEnemy/Light/light_monster_1.png using Guid(e7f12d270cedb31499fa6c7d7c14cf4e) Importer(815301076,1909f56bfc062723c751e8b465ee728b)  -> (artifact id: '26481a06bfeb35532f8173fb57b9173c') in 0.058791 seconds 
========================================================================
Received Import Request.
  Time since last request: 0.000363 seconds.
  path: Assets/Resources/Image/Background/bg_ocean_0.png
  artifactKey: Guid(6bee57b9ee49b5d43bfdf7ba79ff61db) Importer(815301076,1909f56bfc062723c751e8b465ee728b)
Start importing Assets/Resources/Image/Background/bg_ocean_0.png using Guid(6bee57b9ee49b5d43bfdf7ba79ff61db) Importer(815301076,1909f56bfc062723c751e8b465ee728b)  -> (artifact id: '5388b3a3c73e489e0ec0f693ed4d8d17') in 0.054409 seconds 
========================================================================
Received Import Request.
  Time since last request: 0.000360 seconds.
  path: Assets/Resources/Image/PokmonEnemy/Mountain/mountain_monster_2.png
  artifactKey: Guid(cddcd96202dc9324f9e6abdc0acc5c68) Importer(815301076,1909f56bfc062723c751e8b465ee728b)
Start importing Assets/Resources/Image/PokmonEnemy/Mountain/mountain_monster_2.png using Guid(cddcd96202dc9324f9e6abdc0acc5c68) Importer(815301076,1909f56bfc062723c751e8b465ee728b)  -> (artifact id: 'ff78a738b3e3a1fc35a952dcd4bc27a1') in 0.076510 seconds 
========================================================================
Received Import Request.
  Time since last request: 0.000342 seconds.
  path: Assets/Resources/Image/PokmonEnemy/Fire/fire_monster_1.png
  artifactKey: Guid(9424c86e7a6887f47ba4e0322742dfa8) Importer(815301076,1909f56bfc062723c751e8b465ee728b)
Start importing Assets/Resources/Image/PokmonEnemy/Fire/fire_monster_1.png using Guid(9424c86e7a6887f47ba4e0322742dfa8) Importer(815301076,1909f56bfc062723c751e8b465ee728b)  -> (artifact id: '4708b970556cce71afdc760d1d73acd8') in 0.047546 seconds 
========================================================================
Received Import Request.
  Time since last request: 0.000283 seconds.
  path: Assets/Resources/Image/Background/bg_mountain_1.png
  artifactKey: Guid(62d9fd51fdbebf04faff6fd9dc44ec91) Importer(815301076,1909f56bfc062723c751e8b465ee728b)
Start importing Assets/Resources/Image/Background/bg_mountain_1.png using Guid(62d9fd51fdbebf04faff6fd9dc44ec91) Importer(815301076,1909f56bfc062723c751e8b465ee728b)  -> (artifact id: '34043172cb37f8523143cf5399ec421f') in 0.051931 seconds 
========================================================================
Received Import Request.
  Time since last request: 0.000331 seconds.
  path: Assets/Resources/Image/PokmonEnemy/Ground/ground_monster_2.png
  artifactKey: Guid(caf69df6163b5e944881dc8c313aca09) Importer(815301076,1909f56bfc062723c751e8b465ee728b)
Start importing Assets/Resources/Image/PokmonEnemy/Ground/ground_monster_2.png using Guid(caf69df6163b5e944881dc8c313aca09) Importer(815301076,1909f56bfc062723c751e8b465ee728b)  -> (artifact id: '650cd6d4a18b424a3d79e87bfe67f154') in 0.064226 seconds 
========================================================================
Received Import Request.
  Time since last request: 0.000406 seconds.
  path: Assets/Resources/Image/PokmonEnemy/Mountain/mountain_monster_1.png
  artifactKey: Guid(5075c7d9787b44047b1f7ae0a694c64c) Importer(815301076,1909f56bfc062723c751e8b465ee728b)
Start importing Assets/Resources/Image/PokmonEnemy/Mountain/mountain_monster_1.png using Guid(5075c7d9787b44047b1f7ae0a694c64c) Importer(815301076,1909f56bfc062723c751e8b465ee728b)  -> (artifact id: 'c62dcb489a52fdbdf730ae8b389f3b0f') in 0.047010 seconds 
========================================================================
Received Import Request.
  Time since last request: 0.000350 seconds.
  path: Assets/Resources/Image/PokmonEnemy/Plant/plant_monster_2.png
  artifactKey: Guid(410c25d3e0568b64480e1c7a0d8c6f95) Importer(815301076,1909f56bfc062723c751e8b465ee728b)
Start importing Assets/Resources/Image/PokmonEnemy/Plant/plant_monster_2.png using Guid(410c25d3e0568b64480e1c7a0d8c6f95) Importer(815301076,1909f56bfc062723c751e8b465ee728b)  -> (artifact id: '9d803838063c5f7b5243425a9b8891f5') in 0.081087 seconds 
========================================================================
Received Import Request.
  Time since last request: 0.000295 seconds.
  path: Assets/Resources/Image/PokmonEnemy/Plant/plant_monster_3.png
  artifactKey: Guid(1387d8c710b5fdf47918b5f12e80477a) Importer(815301076,1909f56bfc062723c751e8b465ee728b)
Start importing Assets/Resources/Image/PokmonEnemy/Plant/plant_monster_3.png using Guid(1387d8c710b5fdf47918b5f12e80477a) Importer(815301076,1909f56bfc062723c751e8b465ee728b)  -> (artifact id: 'dc5d3c0e2cb79fd05f569c2062044a64') in 0.044151 seconds 
========================================================================
Received Import Request.
  Time since last request: 0.000360 seconds.
  path: Assets/Resources/Image/PokmonEnemy/Fire/fire_monster_3.png
  artifactKey: Guid(bbf88abd22d7a6f45a547e8d9c5e98be) Importer(815301076,1909f56bfc062723c751e8b465ee728b)
Start importing Assets/Resources/Image/PokmonEnemy/Fire/fire_monster_3.png using Guid(bbf88abd22d7a6f45a547e8d9c5e98be) Importer(815301076,1909f56bfc062723c751e8b465ee728b)  -> (artifact id: 'e37d2e9598e357d04a044aba977e6e39') in 0.058073 seconds 
========================================================================
Received Import Request.
  Time since last request: 0.000339 seconds.
  path: Assets/Resources/Image/red_boxTick.png
  artifactKey: Guid(96635657e1bafdd4397ffa30e603ded6) Importer(815301076,1909f56bfc062723c751e8b465ee728b)
Start importing Assets/Resources/Image/red_boxTick.png using Guid(96635657e1bafdd4397ffa30e603ded6) Importer(815301076,1909f56bfc062723c751e8b465ee728b)  -> (artifact id: 'bd817445dd801d8e7244534be897e7e3') in 0.056734 seconds 
========================================================================
Received Import Request.
  Time since last request: 0.000401 seconds.
  path: Assets/Resources/Image/PokmonEnemy/Plant/plant_monster_4.png
  artifactKey: Guid(036d4d15ecf4c8841ab346045e719f16) Importer(815301076,1909f56bfc062723c751e8b465ee728b)
Start importing Assets/Resources/Image/PokmonEnemy/Plant/plant_monster_4.png using Guid(036d4d15ecf4c8841ab346045e719f16) Importer(815301076,1909f56bfc062723c751e8b465ee728b)  -> (artifact id: '62221e3cdfd09f7eaaafab80b50215aa') in 0.107876 seconds 
========================================================================
Received Import Request.
  Time since last request: 0.000298 seconds.
  path: Assets/Resources/Image/Enemy/Ground/ground_monster_2.png
  artifactKey: Guid(e7fbc95e7204a6d4285873ee23701ccd) Importer(815301076,1909f56bfc062723c751e8b465ee728b)
Start importing Assets/Resources/Image/Enemy/Ground/ground_monster_2.png using Guid(e7fbc95e7204a6d4285873ee23701ccd) Importer(815301076,1909f56bfc062723c751e8b465ee728b)  -> (artifact id: 'b0c0090ee014c28fa49a730d424ba7ab') in 0.088392 seconds 
========================================================================
Received Import Request.
  Time since last request: 0.000373 seconds.
  path: Assets/Resources/Image/PokmonEnemy/Fire/fire_monster_4.png
  artifactKey: Guid(5449f07c66620a74a81b831a85b5c223) Importer(815301076,1909f56bfc062723c751e8b465ee728b)
Start importing Assets/Resources/Image/PokmonEnemy/Fire/fire_monster_4.png using Guid(5449f07c66620a74a81b831a85b5c223) Importer(815301076,1909f56bfc062723c751e8b465ee728b)  -> (artifact id: '455ed249133a6ebf66ff79d3d0c34ecd') in 0.074363 seconds 
========================================================================
Received Prepare
Registering precompiled user dll's ...
Registered in 0.050297 seconds.
Begin MonoManager ReloadAssembly
Symbol file LoadedFromMemory doesn't match image D:\UnityProject\QframeworkTest01\Library\PackageCache\com.unity.visualscripting@1.6.1\Editor\VisualScripting.Core\Dependencies\YamlDotNet\Unity.VisualScripting.YamlDotNet.dll
Symbol file LoadedFromMemory doesn't match image D:\UnityProject\QframeworkTest01\Library\PackageCache\com.unity.visualscripting@1.6.1\Editor\VisualScripting.Core\Dependencies\DotNetZip\Unity.VisualScripting.IonicZip.dll
Native extension for WindowsStandalone target not found
Refreshing native plugins compatible for Editor in 0.70 ms, found 4 plugins.
Preloading 0 native plugins for Editor in 0.00 ms.
Mono: successfully reloaded assembly
- Completed reload, in  2.768 seconds
Domain Reload Profiling:
	ReloadAssembly (2768ms)
		BeginReloadAssembly (131ms)
			ExecutionOrderSort (0ms)
			DisableScriptedObjects (7ms)
			BackupInstance (0ms)
			ReleaseScriptingObjects (0ms)
			CreateAndSetChildDomain (40ms)
		EndReloadAssembly (2573ms)
			LoadAssemblies (133ms)
			RebuildTransferFunctionScriptingTraits (0ms)
			SetupTypeCache (355ms)
			ReleaseScriptCaches (1ms)
			RebuildScriptCaches (46ms)
			SetupLoadedEditorAssemblies (312ms)
				LogAssemblyErrors (0ms)
				InitializePlatformSupportModulesInManaged (5ms)
				SetLoadedEditorAssemblies (0ms)
				RefreshPlugins (1ms)
				BeforeProcessingInitializeOnLoad (71ms)
				ProcessInitializeOnLoadAttributes (219ms)
				ProcessInitializeOnLoadMethodAttributes (9ms)
				AfterProcessingInitializeOnLoad (7ms)
				EditorAssembliesLoaded (0ms)
			ExecutionOrderSort2 (0ms)
			AwakeInstancesAfterBackupRestoration (23ms)
Platform modules already initialized, skipping
Refreshing native plugins compatible for Editor in 0.72 ms, found 4 plugins.
Preloading 0 native plugins for Editor in 0.00 ms.
Unloading 3735 Unused Serialized files (Serialized files now loaded: 0)
System memory in use before: 188.4 MB.
System memory in use after: 188.7 MB.

Unloading 18 unused Assets to reduce memory usage. Loaded Objects now: 4849.
Total: 3.828000 ms (FindLiveObjects: 0.333700 ms CreateObjectMapping: 0.221800 ms MarkObjects: 3.232400 ms  DeleteObjects: 0.038700 ms)

AssetImportParameters requested are different than current active one (requested -> active):
  custom:framework-win-MediaFoundation: 216162199b28c13a410421893ffa2e32 -> 
  custom:video-decoder-ogg-theora: a1e56fd34408186e4bbccfd4996cb3dc -> 
  custom:container-muxer-webm: aa71ff27fc2769a1b78a27578f13a17b -> 
  custom:container-demuxer-webm: 4f35f7cbe854078d1ac9338744f61a02 -> 
  custom:container-demuxer-ogg: 62fdf1f143b41e24485cea50d1cbac27 -> 
  custom:video-encoder-webm-vp8: eb34c28f22e8b96e1ab97ce403110664 -> 
  custom:video-decoder-webm-vp8: 9c59270c3fd7afecdb556c50c9e8de78 -> 
  custom:audio-decoder-ogg-vorbis: bf7c407c2cedff20999df2af8eb42d56 -> 
  custom:audio-encoder-webm-vorbis: bf7c407c2cedff20999df2af8eb42d56 -> 
========================================================================
Received Prepare
Registering precompiled user dll's ...
Registered in 0.004725 seconds.
Begin MonoManager ReloadAssembly
Symbol file LoadedFromMemory doesn't match image D:\UnityProject\QframeworkTest01\Library\PackageCache\com.unity.visualscripting@1.6.1\Editor\VisualScripting.Core\Dependencies\YamlDotNet\Unity.VisualScripting.YamlDotNet.dll
Symbol file LoadedFromMemory doesn't match image D:\UnityProject\QframeworkTest01\Library\PackageCache\com.unity.visualscripting@1.6.1\Editor\VisualScripting.Core\Dependencies\DotNetZip\Unity.VisualScripting.IonicZip.dll
Native extension for WindowsStandalone target not found
Refreshing native plugins compatible for Editor in 0.68 ms, found 4 plugins.
Preloading 0 native plugins for Editor in 0.00 ms.
Mono: successfully reloaded assembly
- Completed reload, in  3.782 seconds
Domain Reload Profiling:
	ReloadAssembly (3782ms)
		BeginReloadAssembly (1337ms)
			ExecutionOrderSort (0ms)
			DisableScriptedObjects (11ms)
			BackupInstance (0ms)
			ReleaseScriptingObjects (0ms)
			CreateAndSetChildDomain (39ms)
		EndReloadAssembly (2384ms)
			LoadAssemblies (2717ms)
			RebuildTransferFunctionScriptingTraits (0ms)
			SetupTypeCache (345ms)
			ReleaseScriptCaches (1ms)
			RebuildScriptCaches (44ms)
			SetupLoadedEditorAssemblies (327ms)
				LogAssemblyErrors (0ms)
				InitializePlatformSupportModulesInManaged (4ms)
				SetLoadedEditorAssemblies (0ms)
				RefreshPlugins (1ms)
				BeforeProcessingInitializeOnLoad (72ms)
				ProcessInitializeOnLoadAttributes (234ms)
				ProcessInitializeOnLoadMethodAttributes (9ms)
				AfterProcessingInitializeOnLoad (7ms)
				EditorAssembliesLoaded (0ms)
			ExecutionOrderSort2 (0ms)
			AwakeInstancesAfterBackupRestoration (20ms)
Platform modules already initialized, skipping
Refreshing native plugins compatible for Editor in 0.69 ms, found 4 plugins.
Preloading 0 native plugins for Editor in 0.00 ms.
Unloading 3694 Unused Serialized files (Serialized files now loaded: 0)
System memory in use before: 186.7 MB.
System memory in use after: 187.0 MB.

Unloading 18 unused Assets to reduce memory usage. Loaded Objects now: 4852.
Total: 3.959100 ms (FindLiveObjects: 0.331300 ms CreateObjectMapping: 0.201900 ms MarkObjects: 3.404700 ms  DeleteObjects: 0.020000 ms)

AssetImportParameters requested are different than current active one (requested -> active):
  custom:framework-win-MediaFoundation: 216162199b28c13a410421893ffa2e32 -> 
  custom:video-decoder-ogg-theora: a1e56fd34408186e4bbccfd4996cb3dc -> 
  custom:container-muxer-webm: aa71ff27fc2769a1b78a27578f13a17b -> 
  custom:container-demuxer-webm: 4f35f7cbe854078d1ac9338744f61a02 -> 
  custom:container-demuxer-ogg: 62fdf1f143b41e24485cea50d1cbac27 -> 
  custom:video-encoder-webm-vp8: eb34c28f22e8b96e1ab97ce403110664 -> 
  custom:video-decoder-webm-vp8: 9c59270c3fd7afecdb556c50c9e8de78 -> 
  custom:audio-decoder-ogg-vorbis: bf7c407c2cedff20999df2af8eb42d56 -> 
  custom:audio-encoder-webm-vorbis: bf7c407c2cedff20999df2af8eb42d56 -> 
========================================================================
Received Prepare
Registering precompiled user dll's ...
Registered in 0.050841 seconds.
Begin MonoManager ReloadAssembly
Symbol file LoadedFromMemory doesn't match image D:\UnityProject\QframeworkTest01\Library\PackageCache\com.unity.visualscripting@1.6.1\Editor\VisualScripting.Core\Dependencies\YamlDotNet\Unity.VisualScripting.YamlDotNet.dll
Symbol file LoadedFromMemory doesn't match image D:\UnityProject\QframeworkTest01\Library\PackageCache\com.unity.visualscripting@1.6.1\Editor\VisualScripting.Core\Dependencies\DotNetZip\Unity.VisualScripting.IonicZip.dll
Native extension for WindowsStandalone target not found
Refreshing native plugins compatible for Editor in 0.70 ms, found 4 plugins.
Preloading 0 native plugins for Editor in 0.00 ms.
Mono: successfully reloaded assembly
- Completed reload, in  1.276 seconds
Domain Reload Profiling:
	ReloadAssembly (1276ms)
		BeginReloadAssembly (249ms)
			ExecutionOrderSort (0ms)
			DisableScriptedObjects (15ms)
			BackupInstance (0ms)
			ReleaseScriptingObjects (0ms)
			CreateAndSetChildDomain (49ms)
		EndReloadAssembly (958ms)
			LoadAssemblies (225ms)
			RebuildTransferFunctionScriptingTraits (0ms)
			SetupTypeCache (357ms)
			ReleaseScriptCaches (1ms)
			RebuildScriptCaches (46ms)
			SetupLoadedEditorAssemblies (323ms)
				LogAssemblyErrors (0ms)
				InitializePlatformSupportModulesInManaged (5ms)
				SetLoadedEditorAssemblies (0ms)
				RefreshPlugins (1ms)
				BeforeProcessingInitializeOnLoad (73ms)
				ProcessInitializeOnLoadAttributes (227ms)
				ProcessInitializeOnLoadMethodAttributes (9ms)
				AfterProcessingInitializeOnLoad (7ms)
				EditorAssembliesLoaded (0ms)
			ExecutionOrderSort2 (0ms)
			AwakeInstancesAfterBackupRestoration (19ms)
Platform modules already initialized, skipping
Refreshing native plugins compatible for Editor in 0.69 ms, found 4 plugins.
Preloading 0 native plugins for Editor in 0.00 ms.
Unloading 3694 Unused Serialized files (Serialized files now loaded: 0)
System memory in use before: 186.8 MB.
System memory in use after: 187.1 MB.

Unloading 18 unused Assets to reduce memory usage. Loaded Objects now: 4855.
Total: 4.162500 ms (FindLiveObjects: 0.479100 ms CreateObjectMapping: 0.288800 ms MarkObjects: 3.373600 ms  DeleteObjects: 0.019900 ms)

AssetImportParameters requested are different than current active one (requested -> active):
  custom:framework-win-MediaFoundation: 216162199b28c13a410421893ffa2e32 -> 
  custom:video-decoder-ogg-theora: a1e56fd34408186e4bbccfd4996cb3dc -> 
  custom:container-muxer-webm: aa71ff27fc2769a1b78a27578f13a17b -> 
  custom:container-demuxer-webm: 4f35f7cbe854078d1ac9338744f61a02 -> 
  custom:container-demuxer-ogg: 62fdf1f143b41e24485cea50d1cbac27 -> 
  custom:video-encoder-webm-vp8: eb34c28f22e8b96e1ab97ce403110664 -> 
  custom:video-decoder-webm-vp8: 9c59270c3fd7afecdb556c50c9e8de78 -> 
  custom:audio-decoder-ogg-vorbis: bf7c407c2cedff20999df2af8eb42d56 -> 
  custom:audio-encoder-webm-vorbis: bf7c407c2cedff20999df2af8eb42d56 -> 
========================================================================
Received Prepare
Registering precompiled user dll's ...
Registered in 0.155618 seconds.
Begin MonoManager ReloadAssembly
Symbol file LoadedFromMemory doesn't match image D:\UnityProject\QframeworkTest01\Library\PackageCache\com.unity.visualscripting@1.6.1\Editor\VisualScripting.Core\Dependencies\YamlDotNet\Unity.VisualScripting.YamlDotNet.dll
Symbol file LoadedFromMemory doesn't match image D:\UnityProject\QframeworkTest01\Library\PackageCache\com.unity.visualscripting@1.6.1\Editor\VisualScripting.Core\Dependencies\DotNetZip\Unity.VisualScripting.IonicZip.dll
Native extension for WindowsStandalone target not found
Refreshing native plugins compatible for Editor in 0.68 ms, found 4 plugins.
Preloading 0 native plugins for Editor in 0.00 ms.
Mono: successfully reloaded assembly
- Completed reload, in  4.050 seconds
Domain Reload Profiling:
	ReloadAssembly (4050ms)
		BeginReloadAssembly (1443ms)
			ExecutionOrderSort (0ms)
			DisableScriptedObjects (11ms)
			BackupInstance (0ms)
			ReleaseScriptingObjects (0ms)
			CreateAndSetChildDomain (43ms)
		EndReloadAssembly (2533ms)
			LoadAssemblies (2879ms)
			RebuildTransferFunctionScriptingTraits (0ms)
			SetupTypeCache (346ms)
			ReleaseScriptCaches (1ms)
			RebuildScriptCaches (46ms)
			SetupLoadedEditorAssemblies (446ms)
				LogAssemblyErrors (0ms)
				InitializePlatformSupportModulesInManaged (5ms)
				SetLoadedEditorAssemblies (0ms)
				RefreshPlugins (1ms)
				BeforeProcessingInitializeOnLoad (192ms)
				ProcessInitializeOnLoadAttributes (232ms)
				ProcessInitializeOnLoadMethodAttributes (9ms)
				AfterProcessingInitializeOnLoad (7ms)
				EditorAssembliesLoaded (0ms)
			ExecutionOrderSort2 (0ms)
			AwakeInstancesAfterBackupRestoration (19ms)
Platform modules already initialized, skipping
Refreshing native plugins compatible for Editor in 0.71 ms, found 4 plugins.
Preloading 0 native plugins for Editor in 0.00 ms.
Unloading 3694 Unused Serialized files (Serialized files now loaded: 0)
System memory in use before: 186.8 MB.
System memory in use after: 187.1 MB.

Unloading 18 unused Assets to reduce memory usage. Loaded Objects now: 4858.
Total: 3.840600 ms (FindLiveObjects: 0.322700 ms CreateObjectMapping: 0.192100 ms MarkObjects: 3.269000 ms  DeleteObjects: 0.055800 ms)

AssetImportParameters requested are different than current active one (requested -> active):
  custom:framework-win-MediaFoundation: 216162199b28c13a410421893ffa2e32 -> 
  custom:video-decoder-ogg-theora: a1e56fd34408186e4bbccfd4996cb3dc -> 
  custom:container-muxer-webm: aa71ff27fc2769a1b78a27578f13a17b -> 
  custom:container-demuxer-webm: 4f35f7cbe854078d1ac9338744f61a02 -> 
  custom:container-demuxer-ogg: 62fdf1f143b41e24485cea50d1cbac27 -> 
  custom:video-encoder-webm-vp8: eb34c28f22e8b96e1ab97ce403110664 -> 
  custom:video-decoder-webm-vp8: 9c59270c3fd7afecdb556c50c9e8de78 -> 
  custom:audio-decoder-ogg-vorbis: bf7c407c2cedff20999df2af8eb42d56 -> 
  custom:audio-encoder-webm-vorbis: bf7c407c2cedff20999df2af8eb42d56 -> 
========================================================================
Received Prepare
Registering precompiled user dll's ...
Registered in 0.006437 seconds.
Begin MonoManager ReloadAssembly
Symbol file LoadedFromMemory doesn't match image D:\UnityProject\QframeworkTest01\Library\PackageCache\com.unity.visualscripting@1.6.1\Editor\VisualScripting.Core\Dependencies\YamlDotNet\Unity.VisualScripting.YamlDotNet.dll
Symbol file LoadedFromMemory doesn't match image D:\UnityProject\QframeworkTest01\Library\PackageCache\com.unity.visualscripting@1.6.1\Editor\VisualScripting.Core\Dependencies\DotNetZip\Unity.VisualScripting.IonicZip.dll
Native extension for WindowsStandalone target not found
Refreshing native plugins compatible for Editor in 1.36 ms, found 4 plugins.
Preloading 0 native plugins for Editor in 0.00 ms.
Mono: successfully reloaded assembly
- Completed reload, in  2.454 seconds
Domain Reload Profiling:
	ReloadAssembly (2461ms)
		BeginReloadAssembly (1038ms)
			ExecutionOrderSort (1ms)
			DisableScriptedObjects (313ms)
			BackupInstance (0ms)
			ReleaseScriptingObjects (4ms)
			CreateAndSetChildDomain (338ms)
		EndReloadAssembly (1331ms)
			LoadAssemblies (240ms)
			RebuildTransferFunctionScriptingTraits (2ms)
			SetupTypeCache (434ms)
			ReleaseScriptCaches (2ms)
			RebuildScriptCaches (50ms)
			SetupLoadedEditorAssemblies (488ms)
				LogAssemblyErrors (0ms)
				InitializePlatformSupportModulesInManaged (10ms)
				SetLoadedEditorAssemblies (1ms)
				RefreshPlugins (1ms)
				BeforeProcessingInitializeOnLoad (78ms)
				ProcessInitializeOnLoadAttributes (378ms)
				ProcessInitializeOnLoadMethodAttributes (12ms)
				AfterProcessingInitializeOnLoad (7ms)
				EditorAssembliesLoaded (1ms)
			ExecutionOrderSort2 (0ms)
			AwakeInstancesAfterBackupRestoration (53ms)
Platform modules already initialized, skipping
Refreshing native plugins compatible for Editor in 0.69 ms, found 4 plugins.
Preloading 0 native plugins for Editor in 0.00 ms.
Unloading 3695 Unused Serialized files (Serialized files now loaded: 0)
System memory in use before: 186.9 MB.
System memory in use after: 187.1 MB.

Unloading 18 unused Assets to reduce memory usage. Loaded Objects now: 4862.
Total: 37.078600 ms (FindLiveObjects: 0.838300 ms CreateObjectMapping: 0.198600 ms MarkObjects: 35.097300 ms  DeleteObjects: 0.943100 ms)

AssetImportParameters requested are different than current active one (requested -> active):
  custom:framework-win-MediaFoundation: 216162199b28c13a410421893ffa2e32 -> 
  custom:video-decoder-ogg-theora: a1e56fd34408186e4bbccfd4996cb3dc -> 
  custom:container-muxer-webm: aa71ff27fc2769a1b78a27578f13a17b -> 
  custom:container-demuxer-webm: 4f35f7cbe854078d1ac9338744f61a02 -> 
  custom:container-demuxer-ogg: 62fdf1f143b41e24485cea50d1cbac27 -> 
  custom:video-encoder-webm-vp8: eb34c28f22e8b96e1ab97ce403110664 -> 
  custom:video-decoder-webm-vp8: 9c59270c3fd7afecdb556c50c9e8de78 -> 
  custom:audio-decoder-ogg-vorbis: bf7c407c2cedff20999df2af8eb42d56 -> 
  custom:audio-encoder-webm-vorbis: bf7c407c2cedff20999df2af8eb42d56 -> 
========================================================================
Received Prepare
Registering precompiled user dll's ...
Registered in 0.005642 seconds.
Begin MonoManager ReloadAssembly
Symbol file LoadedFromMemory doesn't match image D:\UnityProject\QframeworkTest01\Library\PackageCache\com.unity.visualscripting@1.6.1\Editor\VisualScripting.Core\Dependencies\YamlDotNet\Unity.VisualScripting.YamlDotNet.dll
Symbol file LoadedFromMemory doesn't match image D:\UnityProject\QframeworkTest01\Library\PackageCache\com.unity.visualscripting@1.6.1\Editor\VisualScripting.Core\Dependencies\DotNetZip\Unity.VisualScripting.IonicZip.dll
Native extension for WindowsStandalone target not found
Refreshing native plugins compatible for Editor in 0.78 ms, found 4 plugins.
Preloading 0 native plugins for Editor in 0.00 ms.
Mono: successfully reloaded assembly
- Completed reload, in  1.172 seconds
Domain Reload Profiling:
	ReloadAssembly (1172ms)
		BeginReloadAssembly (139ms)
			ExecutionOrderSort (0ms)
			DisableScriptedObjects (11ms)
			BackupInstance (0ms)
			ReleaseScriptingObjects (0ms)
			CreateAndSetChildDomain (45ms)
		EndReloadAssembly (970ms)
			LoadAssemblies (103ms)
			RebuildTransferFunctionScriptingTraits (0ms)
			SetupTypeCache (359ms)
			ReleaseScriptCaches (2ms)
			RebuildScriptCaches (46ms)
			SetupLoadedEditorAssemblies (311ms)
				LogAssemblyErrors (0ms)
				InitializePlatformSupportModulesInManaged (5ms)
				SetLoadedEditorAssemblies (0ms)
				RefreshPlugins (1ms)
				BeforeProcessingInitializeOnLoad (71ms)
				ProcessInitializeOnLoadAttributes (218ms)
				ProcessInitializeOnLoadMethodAttributes (8ms)
				AfterProcessingInitializeOnLoad (7ms)
				EditorAssembliesLoaded (0ms)
			ExecutionOrderSort2 (0ms)
			AwakeInstancesAfterBackupRestoration (56ms)
Platform modules already initialized, skipping
Refreshing native plugins compatible for Editor in 0.69 ms, found 4 plugins.
Preloading 0 native plugins for Editor in 0.00 ms.
Unloading 3695 Unused Serialized files (Serialized files now loaded: 0)
System memory in use before: 186.9 MB.
System memory in use after: 187.1 MB.

Unloading 18 unused Assets to reduce memory usage. Loaded Objects now: 4865.
Total: 3.870200 ms (FindLiveObjects: 0.334900 ms CreateObjectMapping: 0.209700 ms MarkObjects: 3.303500 ms  DeleteObjects: 0.020600 ms)

AssetImportParameters requested are different than current active one (requested -> active):
  custom:framework-win-MediaFoundation: 216162199b28c13a410421893ffa2e32 -> 
  custom:video-decoder-ogg-theora: a1e56fd34408186e4bbccfd4996cb3dc -> 
  custom:container-muxer-webm: aa71ff27fc2769a1b78a27578f13a17b -> 
  custom:container-demuxer-webm: 4f35f7cbe854078d1ac9338744f61a02 -> 
  custom:container-demuxer-ogg: 62fdf1f143b41e24485cea50d1cbac27 -> 
  custom:video-encoder-webm-vp8: eb34c28f22e8b96e1ab97ce403110664 -> 
  custom:video-decoder-webm-vp8: 9c59270c3fd7afecdb556c50c9e8de78 -> 
  custom:audio-decoder-ogg-vorbis: bf7c407c2cedff20999df2af8eb42d56 -> 
  custom:audio-encoder-webm-vorbis: bf7c407c2cedff20999df2af8eb42d56 -> 
========================================================================
Received Import Request.
  Time since last request: 28901.405362 seconds.
  path: Assets/Resources/Image/TipsInfo
  artifactKey: Guid(9c477849d3977ff408e7fdd5392ae362) Importer(815301076,1909f56bfc062723c751e8b465ee728b)
Start importing Assets/Resources/Image/TipsInfo using Guid(9c477849d3977ff408e7fdd5392ae362) Importer(815301076,1909f56bfc062723c751e8b465ee728b)  -> (artifact id: '9890a1dba60be21b7d1c29bebe4f7e34') in 0.021843 seconds 
========================================================================
Received Import Request.
  Time since last request: 255.084828 seconds.
  path: Assets/Resources/UIPrefabs/UIHpNumberPanel.prefab
  artifactKey: Guid(75dc95853ba7a2945a96530449f6c1b3) Importer(815301076,1909f56bfc062723c751e8b465ee728b)
Start importing Assets/Resources/UIPrefabs/UIHpNumberPanel.prefab using Guid(75dc95853ba7a2945a96530449f6c1b3) Importer(815301076,1909f56bfc062723c751e8b465ee728b)  -> (artifact id: '785a3c976ebff0c043f391eda62a59a5') in 0.400577 seconds 
========================================================================
Received Import Request.
  Time since last request: 433.186955 seconds.
  path: Assets/Resources/Image/PokmonEnemy/Thunder/thunder_monster_0.png
  artifactKey: Guid(7c31bfde265d658438db03d7c3d7db53) Importer(815301076,1909f56bfc062723c751e8b465ee728b)
Start importing Assets/Resources/Image/PokmonEnemy/Thunder/thunder_monster_0.png using Guid(7c31bfde265d658438db03d7c3d7db53) Importer(815301076,1909f56bfc062723c751e8b465ee728b)  -> (artifact id: 'd6c3508b5f60e4a510edbd60ed9c0862') in 0.313216 seconds 
========================================================================
Received Import Request.
  Time since last request: 0.000454 seconds.
  path: Assets/Resources/Image/PokmonEnemy/Thunder/thunder_monster_1.png
  artifactKey: Guid(26207da5c49bc2a43a6d002ad4d2bdec) Importer(815301076,1909f56bfc062723c751e8b465ee728b)
Start importing Assets/Resources/Image/PokmonEnemy/Thunder/thunder_monster_1.png using Guid(26207da5c49bc2a43a6d002ad4d2bdec) Importer(815301076,1909f56bfc062723c751e8b465ee728b)  -> (artifact id: '42db5c9c1bda6178764ab7ca2ff64b4f') in 0.053735 seconds 
========================================================================
Received Import Request.
  Time since last request: 0.000247 seconds.
  path: Assets/Resources/Image/Enemy/Water/water_monster_1.png
  artifactKey: Guid(e5fa98e2a4cfb5e478ea6701ecda13d2) Importer(815301076,1909f56bfc062723c751e8b465ee728b)
Start importing Assets/Resources/Image/Enemy/Water/water_monster_1.png using Guid(e5fa98e2a4cfb5e478ea6701ecda13d2) Importer(815301076,1909f56bfc062723c751e8b465ee728b)  -> (artifact id: '6dfb716f7075a9abde7b810d52219ffb') in 0.241729 seconds 
========================================================================
Received Import Request.
  Time since last request: 0.000307 seconds.
  path: Assets/Resources/Image/PokmonEnemy/Wind/wind_monster_3.png
  artifactKey: Guid(0abb44bd9316f574b9cdcf42f05078b3) Importer(815301076,1909f56bfc062723c751e8b465ee728b)
Start importing Assets/Resources/Image/PokmonEnemy/Wind/wind_monster_3.png using Guid(0abb44bd9316f574b9cdcf42f05078b3) Importer(815301076,1909f56bfc062723c751e8b465ee728b)  -> (artifact id: '2f9cf2e014fc15aa0249b2f7a805cda7') in 0.116341 seconds 
========================================================================
Received Import Request.
  Time since last request: 0.000311 seconds.
  path: Assets/Resources/Image/PokmonEnemy/Thunder/thunder_monster_4.png
  artifactKey: Guid(bafeba0b0ea520541808e54706d35806) Importer(815301076,1909f56bfc062723c751e8b465ee728b)
Start importing Assets/Resources/Image/PokmonEnemy/Thunder/thunder_monster_4.png using Guid(bafeba0b0ea520541808e54706d35806) Importer(815301076,1909f56bfc062723c751e8b465ee728b)  -> (artifact id: 'f43416d458d93c6fc052a1e6b7d6189d') in 0.151015 seconds 
========================================================================
Received Import Request.
  Time since last request: 0.000293 seconds.
  path: Assets/Resources/Image/PokmonEnemy/Water/water_monster_3.png
  artifactKey: Guid(bee635cd43b8e4a4da8ec99339c33392) Importer(815301076,1909f56bfc062723c751e8b465ee728b)
Start importing Assets/Resources/Image/PokmonEnemy/Water/water_monster_3.png using Guid(bee635cd43b8e4a4da8ec99339c33392) Importer(815301076,1909f56bfc062723c751e8b465ee728b)  -> (artifact id: '0e8933845eb2026b6adba1d99294461e') in 0.098346 seconds 
========================================================================
Received Import Request.
  Time since last request: 0.000338 seconds.
  path: Assets/Resources/Image/TipsInfo/tips_fighting_0.png
  artifactKey: Guid(a6e740edd1415094a877a179cf46de96) Importer(815301076,1909f56bfc062723c751e8b465ee728b)
Start importing Assets/Resources/Image/TipsInfo/tips_fighting_0.png using Guid(a6e740edd1415094a877a179cf46de96) Importer(815301076,1909f56bfc062723c751e8b465ee728b)  -> (artifact id: '750f90cd230c213efcb29d0419315c86') in 0.016705 seconds 
========================================================================
Received Import Request.
  Time since last request: 0.000277 seconds.
  path: Assets/Resources/Image/PokmonEnemy/Wind/wind_monster_0.png
  artifactKey: Guid(ea296d4d53f7d514dabeed5cec5ddc99) Importer(815301076,1909f56bfc062723c751e8b465ee728b)
Start importing Assets/Resources/Image/PokmonEnemy/Wind/wind_monster_0.png using Guid(ea296d4d53f7d514dabeed5cec5ddc99) Importer(815301076,1909f56bfc062723c751e8b465ee728b)  -> (artifact id: 'deaa569bc28cfcec663fa552558f1512') in 0.101519 seconds 
========================================================================
Received Import Request.
  Time since last request: 0.000331 seconds.
  path: Assets/Resources/Image/PokmonEnemy/Thunder/thunder_monster_3.png
  artifactKey: Guid(2c3b63b02ea007e449fbb9d24f9299cf) Importer(815301076,1909f56bfc062723c751e8b465ee728b)
Start importing Assets/Resources/Image/PokmonEnemy/Thunder/thunder_monster_3.png using Guid(2c3b63b02ea007e449fbb9d24f9299cf) Importer(815301076,1909f56bfc062723c751e8b465ee728b)  -> (artifact id: '1baf879c669288c824661c5b80fa9bf4') in 0.051644 seconds 
========================================================================
Received Import Request.
  Time since last request: 0.000291 seconds.
  path: Assets/Resources/Image/PokmonEnemy/Water/water_monster_1.png
  artifactKey: Guid(a9dc2ddfb96442a4ab43848383398c35) Importer(815301076,1909f56bfc062723c751e8b465ee728b)
Start importing Assets/Resources/Image/PokmonEnemy/Water/water_monster_1.png using Guid(a9dc2ddfb96442a4ab43848383398c35) Importer(815301076,1909f56bfc062723c751e8b465ee728b)  -> (artifact id: '08ce0c8ea3910c9f1df5cbf2b77b32b4') in 0.128284 seconds 
========================================================================
Received Import Request.
  Time since last request: 0.000350 seconds.
  path: Assets/Resources/Image/PokmonEnemy/Wind/wind_monster_1.png
  artifactKey: Guid(6b622d73424168f41873567afad58289) Importer(815301076,1909f56bfc062723c751e8b465ee728b)
Start importing Assets/Resources/Image/PokmonEnemy/Wind/wind_monster_1.png using Guid(6b622d73424168f41873567afad58289) Importer(815301076,1909f56bfc062723c751e8b465ee728b)  -> (artifact id: 'd48c47141bd0157a59bacde2455f20a5') in 0.127227 seconds 
========================================================================
Received Import Request.
  Time since last request: 0.000332 seconds.
  path: Assets/Resources/Image/Enemy/Wind/wind_monster_1.png
  artifactKey: Guid(08043a98648ffb848a59ba2c7831ed54) Importer(815301076,1909f56bfc062723c751e8b465ee728b)
Start importing Assets/Resources/Image/Enemy/Wind/wind_monster_1.png using Guid(08043a98648ffb848a59ba2c7831ed54) Importer(815301076,1909f56bfc062723c751e8b465ee728b)  -> (artifact id: '82e354d750d944e1813a601e90f26f7b') in 0.134035 seconds 
========================================================================
Received Import Request.
  Time since last request: 0.000273 seconds.
  path: Assets/Resources/Image/PokmonEnemy/Thunder/thunder_monster_2.png
  artifactKey: Guid(7feb7b65a1e53e7469a8ce14eed7be21) Importer(815301076,1909f56bfc062723c751e8b465ee728b)
Start importing Assets/Resources/Image/PokmonEnemy/Thunder/thunder_monster_2.png using Guid(7feb7b65a1e53e7469a8ce14eed7be21) Importer(815301076,1909f56bfc062723c751e8b465ee728b)  -> (artifact id: '0532313d31fad85fc2f501e7ebb1de69') in 0.115178 seconds 
========================================================================
Received Import Request.
  Time since last request: 0.000304 seconds.
  path: Assets/Resources/Image/Enemy/Water/water_monster_2.png
  artifactKey: Guid(b6d299ba27da24249b0f3a68499376f3) Importer(815301076,1909f56bfc062723c751e8b465ee728b)
Start importing Assets/Resources/Image/Enemy/Water/water_monster_2.png using Guid(b6d299ba27da24249b0f3a68499376f3) Importer(815301076,1909f56bfc062723c751e8b465ee728b)  -> (artifact id: 'aa4049ec04f30e0ea68afefa658143d5') in 0.107599 seconds 
========================================================================
Received Import Request.
  Time since last request: 0.000279 seconds.
  path: Assets/Resources/Image/Enemy/Water/water_monster_0.png
  artifactKey: Guid(df9e770ffb0593141a4915e9b5721731) Importer(815301076,1909f56bfc062723c751e8b465ee728b)
Start importing Assets/Resources/Image/Enemy/Water/water_monster_0.png using Guid(df9e770ffb0593141a4915e9b5721731) Importer(815301076,1909f56bfc062723c751e8b465ee728b)  -> (artifact id: '6e3df79981a050dbd65e3d70e931562d') in 0.148993 seconds 
========================================================================
Received Import Request.
  Time since last request: 0.000307 seconds.
  path: Assets/Resources/Image/PokmonEnemy/Water/water_monster_2.png
  artifactKey: Guid(e15b124547988a34e89a0fad2e416f35) Importer(815301076,1909f56bfc062723c751e8b465ee728b)
Start importing Assets/Resources/Image/PokmonEnemy/Water/water_monster_2.png using Guid(e15b124547988a34e89a0fad2e416f35) Importer(815301076,1909f56bfc062723c751e8b465ee728b)  -> (artifact id: '7a08833087ba44ad539f855d1a15be0c') in 0.117926 seconds 
========================================================================
Received Import Request.
  Time since last request: 0.000284 seconds.
  path: Assets/Resources/Image/PokmonEnemy/Wind/wind_monster_4.png
  artifactKey: Guid(04ebd8d15d5bad148a2f502dc92a82a7) Importer(815301076,1909f56bfc062723c751e8b465ee728b)
Start importing Assets/Resources/Image/PokmonEnemy/Wind/wind_monster_4.png using Guid(04ebd8d15d5bad148a2f502dc92a82a7) Importer(815301076,1909f56bfc062723c751e8b465ee728b)  -> (artifact id: '2142b8d301cec88b68e347d912ef2c8d') in 0.062583 seconds 
========================================================================
Received Import Request.
  Time since last request: 0.000361 seconds.
  path: Assets/Resources/Image/PokmonEnemy/Water/water_monster_0.png
  artifactKey: Guid(1ce5d2426bbc7d94cbd1381cd5ae962f) Importer(815301076,1909f56bfc062723c751e8b465ee728b)
Start importing Assets/Resources/Image/PokmonEnemy/Water/water_monster_0.png using Guid(1ce5d2426bbc7d94cbd1381cd5ae962f) Importer(815301076,1909f56bfc062723c751e8b465ee728b)  -> (artifact id: '4e06d737af519c5a943fbc0d642378cc') in 0.071611 seconds 
========================================================================
Received Import Request.
  Time since last request: 0.000369 seconds.
  path: Assets/Resources/Image/PokmonEnemy/Water/water_monster_4.png
  artifactKey: Guid(c8f470d5e5b7c994fb7c3118ac8a203b) Importer(815301076,1909f56bfc062723c751e8b465ee728b)
Start importing Assets/Resources/Image/PokmonEnemy/Water/water_monster_4.png using Guid(c8f470d5e5b7c994fb7c3118ac8a203b) Importer(815301076,1909f56bfc062723c751e8b465ee728b)  -> (artifact id: '65c5c74b2230e2439c59a2feb30784bf') in 0.081244 seconds 
========================================================================
Received Import Request.
  Time since last request: 0.000353 seconds.
  path: Assets/Resources/Image/PokmonEnemy/Wind/wind_monster_2.png
  artifactKey: Guid(0cc0b6ffc2e714e47a3cf27cc2ca45bb) Importer(815301076,1909f56bfc062723c751e8b465ee728b)
Start importing Assets/Resources/Image/PokmonEnemy/Wind/wind_monster_2.png using Guid(0cc0b6ffc2e714e47a3cf27cc2ca45bb) Importer(815301076,1909f56bfc062723c751e8b465ee728b)  -> (artifact id: '570c21934347437d555bf3c907cd4ec1') in 0.117503 seconds 
========================================================================
Received Import Request.
  Time since last request: 910.839866 seconds.
  path: Assets/Resources/Image/grey_checkmarkGrey.png
  artifactKey: Guid(3fe56a63283fa3e4a8ae027f4b29c6b3) Importer(815301076,1909f56bfc062723c751e8b465ee728b)
Start importing Assets/Resources/Image/grey_checkmarkGrey.png using Guid(3fe56a63283fa3e4a8ae027f4b29c6b3) Importer(815301076,1909f56bfc062723c751e8b465ee728b)  -> (artifact id: 'e43614de0548fd76f0f33f09ecdb7cb2') in 0.052976 seconds 
========================================================================
Received Import Request.
  Time since last request: 45.150952 seconds.
  path: Assets/Resources/Image/grey_crossGrey.png
  artifactKey: Guid(5194a1b6b7abbf24a9e299c6b496987d) Importer(815301076,1909f56bfc062723c751e8b465ee728b)
Start importing Assets/Resources/Image/grey_crossGrey.png using Guid(5194a1b6b7abbf24a9e299c6b496987d) Importer(815301076,1909f56bfc062723c751e8b465ee728b)  -> (artifact id: '83fcad1f405c93ca8f00ff9300986d47') in 0.040909 seconds 
========================================================================
Received Import Request.
  Time since last request: 272.991328 seconds.
  path: Assets/Resources/UIPrefabs/UITipsPanel.prefab
  artifactKey: Guid(4373261f62cda1749a70ceaa821074d6) Importer(815301076,1909f56bfc062723c751e8b465ee728b)
Start importing Assets/Resources/UIPrefabs/UITipsPanel.prefab using Guid(4373261f62cda1749a70ceaa821074d6) Importer(815301076,1909f56bfc062723c751e8b465ee728b)  -> (artifact id: 'f939609ee6ff5906c2ccbd7899983ed8') in 0.505269 seconds 
========================================================================
Received Prepare
Registering precompiled user dll's ...
Registered in 0.183779 seconds.
Begin MonoManager ReloadAssembly
Symbol file LoadedFromMemory doesn't match image D:\UnityProject\QframeworkTest01\Library\PackageCache\com.unity.visualscripting@1.6.1\Editor\VisualScripting.Core\Dependencies\YamlDotNet\Unity.VisualScripting.YamlDotNet.dll
Symbol file LoadedFromMemory doesn't match image D:\UnityProject\QframeworkTest01\Library\PackageCache\com.unity.visualscripting@1.6.1\Editor\VisualScripting.Core\Dependencies\DotNetZip\Unity.VisualScripting.IonicZip.dll
Native extension for WindowsStandalone target not found
Refreshing native plugins compatible for Editor in 0.70 ms, found 4 plugins.
Preloading 0 native plugins for Editor in 0.00 ms.
Unable to allocate new scene culling mask
UnityEngine.StackTraceUtility:ExtractStackTrace ()
UnityEditor.SceneManagement.EditorSceneManager:NewPreviewScene (bool)
UnityEditor.SceneManagement.EditorSceneManager:NewPreviewScene ()
UnityEditor.PreviewScene:.ctor (string)
UnityEditor.PreviewRenderUtility:.ctor ()
UnityEditor.Texture3DPreview:InitPreviewUtility ()
UnityEditor.Texture3DPreview:OnEnable ()

[E:\unity\Editor/Src/SceneManager/EditorSceneManager.cpp line 672]

Unable to allocate new scene culling mask
UnityEngine.StackTraceUtility:ExtractStackTrace ()
UnityEditor.SceneManagement.EditorSceneManager:NewPreviewScene (bool)
UnityEditor.SceneManagement.EditorSceneManager:NewPreviewScene ()
UnityEditor.PreviewScene:.ctor (string)
UnityEditor.PreviewRenderUtility:.ctor ()
UnityEditor.Texture3DPreview:InitPreviewUtility ()
UnityEditor.Texture3DPreview:OnEnable ()

[E:\unity\Editor/Src/SceneManager/EditorSceneManager.cpp line 672]

Unable to allocate new scene culling mask
UnityEngine.StackTraceUtility:ExtractStackTrace ()
UnityEditor.SceneManagement.EditorSceneManager:NewPreviewScene (bool)
UnityEditor.SceneManagement.EditorSceneManager:NewPreviewScene ()
UnityEditor.PreviewScene:.ctor (string)
UnityEditor.PreviewRenderUtility:.ctor ()
UnityEditor.Texture3DPreview:InitPreviewUtility ()
UnityEditor.Texture3DPreview:OnEnable ()

[E:\unity\Editor/Src/SceneManager/EditorSceneManager.cpp line 672]

Unable to allocate new scene culling mask
UnityEngine.StackTraceUtility:ExtractStackTrace ()
UnityEditor.SceneManagement.EditorSceneManager:NewPreviewScene (bool)
UnityEditor.SceneManagement.EditorSceneManager:NewPreviewScene ()
UnityEditor.PreviewScene:.ctor (string)
UnityEditor.PreviewRenderUtility:.ctor ()
UnityEditor.Texture3DPreview:InitPreviewUtility ()
UnityEditor.Texture3DPreview:OnEnable ()

[E:\unity\Editor/Src/SceneManager/EditorSceneManager.cpp line 672]

Mono: successfully reloaded assembly
- Completed reload, in  3.071 seconds
Domain Reload Profiling:
	ReloadAssembly (3072ms)
		BeginReloadAssembly (1267ms)
			ExecutionOrderSort (0ms)
			DisableScriptedObjects (75ms)
			BackupInstance (0ms)
			ReleaseScriptingObjects (0ms)
			CreateAndSetChildDomain (47ms)
		EndReloadAssembly (1740ms)
			LoadAssemblies (1192ms)
			RebuildTransferFunctionScriptingTraits (0ms)
			SetupTypeCache (431ms)
			ReleaseScriptCaches (1ms)
			RebuildScriptCaches (46ms)
			SetupLoadedEditorAssemblies (322ms)
				LogAssemblyErrors (0ms)
				InitializePlatformSupportModulesInManaged (6ms)
				SetLoadedEditorAssemblies (1ms)
				RefreshPlugins (1ms)
				BeforeProcessingInitializeOnLoad (72ms)
				ProcessInitializeOnLoadAttributes (225ms)
				ProcessInitializeOnLoadMethodAttributes (9ms)
				AfterProcessingInitializeOnLoad (8ms)
				EditorAssembliesLoaded (0ms)
			ExecutionOrderSort2 (0ms)
			AwakeInstancesAfterBackupRestoration (81ms)
Platform modules already initialized, skipping
Refreshing native plugins compatible for Editor in 0.68 ms, found 4 plugins.
Preloading 0 native plugins for Editor in 0.00 ms.
Unloading 3715 Unused Serialized files (Serialized files now loaded: 0)
System memory in use before: 202.2 MB.
System memory in use after: 202.5 MB.

Unloading 21 unused Assets to reduce memory usage. Loaded Objects now: 5203.
Total: 17.125600 ms (FindLiveObjects: 0.387600 ms CreateObjectMapping: 0.220700 ms MarkObjects: 16.483300 ms  DeleteObjects: 0.032900 ms)

AssetImportParameters requested are different than current active one (requested -> active):
  custom:framework-win-MediaFoundation: 216162199b28c13a410421893ffa2e32 -> 
  custom:video-decoder-ogg-theora: a1e56fd34408186e4bbccfd4996cb3dc -> 
  custom:container-muxer-webm: aa71ff27fc2769a1b78a27578f13a17b -> 
  custom:container-demuxer-webm: 4f35f7cbe854078d1ac9338744f61a02 -> 
  custom:container-demuxer-ogg: 62fdf1f143b41e24485cea50d1cbac27 -> 
  custom:video-encoder-webm-vp8: eb34c28f22e8b96e1ab97ce403110664 -> 
  custom:video-decoder-webm-vp8: 9c59270c3fd7afecdb556c50c9e8de78 -> 
  custom:audio-decoder-ogg-vorbis: bf7c407c2cedff20999df2af8eb42d56 -> 
  custom:audio-encoder-webm-vorbis: bf7c407c2cedff20999df2af8eb42d56 -> 
========================================================================
Received Prepare
Registering precompiled user dll's ...
Registered in 0.453246 seconds.
Begin MonoManager ReloadAssembly
Symbol file LoadedFromMemory doesn't match image D:\UnityProject\QframeworkTest01\Library\PackageCache\com.unity.visualscripting@1.6.1\Editor\VisualScripting.Core\Dependencies\YamlDotNet\Unity.VisualScripting.YamlDotNet.dll
Symbol file LoadedFromMemory doesn't match image D:\UnityProject\QframeworkTest01\Library\PackageCache\com.unity.visualscripting@1.6.1\Editor\VisualScripting.Core\Dependencies\DotNetZip\Unity.VisualScripting.IonicZip.dll
Native extension for WindowsStandalone target not found
Refreshing native plugins compatible for Editor in 0.70 ms, found 4 plugins.
Preloading 0 native plugins for Editor in 0.00 ms.
Unable to allocate new scene culling mask
UnityEngine.StackTraceUtility:ExtractStackTrace ()
UnityEditor.SceneManagement.EditorSceneManager:NewPreviewScene (bool)
UnityEditor.SceneManagement.EditorSceneManager:NewPreviewScene ()
UnityEditor.PreviewScene:.ctor (string)
UnityEditor.PreviewRenderUtility:.ctor ()
UnityEditor.Texture3DPreview:InitPreviewUtility ()
UnityEditor.Texture3DPreview:OnEnable ()

[E:\unity\Editor/Src/SceneManager/EditorSceneManager.cpp line 672]

Unable to allocate new scene culling mask
UnityEngine.StackTraceUtility:ExtractStackTrace ()
UnityEditor.SceneManagement.EditorSceneManager:NewPreviewScene (bool)
UnityEditor.SceneManagement.EditorSceneManager:NewPreviewScene ()
UnityEditor.PreviewScene:.ctor (string)
UnityEditor.PreviewRenderUtility:.ctor ()
UnityEditor.Texture3DPreview:InitPreviewUtility ()
UnityEditor.Texture3DPreview:OnEnable ()

[E:\unity\Editor/Src/SceneManager/EditorSceneManager.cpp line 672]

Unable to allocate new scene culling mask
UnityEngine.StackTraceUtility:ExtractStackTrace ()
UnityEditor.SceneManagement.EditorSceneManager:NewPreviewScene (bool)
UnityEditor.SceneManagement.EditorSceneManager:NewPreviewScene ()
UnityEditor.PreviewScene:.ctor (string)
UnityEditor.PreviewRenderUtility:.ctor ()
UnityEditor.Texture3DPreview:InitPreviewUtility ()
UnityEditor.Texture3DPreview:OnEnable ()

[E:\unity\Editor/Src/SceneManager/EditorSceneManager.cpp line 672]

Unable to allocate new scene culling mask
UnityEngine.StackTraceUtility:ExtractStackTrace ()
UnityEditor.SceneManagement.EditorSceneManager:NewPreviewScene (bool)
UnityEditor.SceneManagement.EditorSceneManager:NewPreviewScene ()
UnityEditor.PreviewScene:.ctor (string)
UnityEditor.PreviewRenderUtility:.ctor ()
UnityEditor.Texture3DPreview:InitPreviewUtility ()
UnityEditor.Texture3DPreview:OnEnable ()

[E:\unity\Editor/Src/SceneManager/EditorSceneManager.cpp line 672]

Mono: successfully reloaded assembly
- Completed reload, in  4.118 seconds
Domain Reload Profiling:
	ReloadAssembly (4138ms)
		BeginReloadAssembly (1340ms)
			ExecutionOrderSort (0ms)
			DisableScriptedObjects (14ms)
			BackupInstance (0ms)
			ReleaseScriptingObjects (0ms)
			CreateAndSetChildDomain (37ms)
		EndReloadAssembly (2728ms)
			LoadAssemblies (2934ms)
			RebuildTransferFunctionScriptingTraits (0ms)
			SetupTypeCache (389ms)
			ReleaseScriptCaches (1ms)
			RebuildScriptCaches (48ms)
			SetupLoadedEditorAssemblies (339ms)
				LogAssemblyErrors (0ms)
				InitializePlatformSupportModulesInManaged (5ms)
				SetLoadedEditorAssemblies (1ms)
				RefreshPlugins (1ms)
				BeforeProcessingInitializeOnLoad (74ms)
				ProcessInitializeOnLoadAttributes (242ms)
				ProcessInitializeOnLoadMethodAttributes (9ms)
				AfterProcessingInitializeOnLoad (7ms)
				EditorAssembliesLoaded (0ms)
			ExecutionOrderSort2 (0ms)
			AwakeInstancesAfterBackupRestoration (70ms)
Platform modules already initialized, skipping
Refreshing native plugins compatible for Editor in 0.71 ms, found 4 plugins.
Preloading 0 native plugins for Editor in 0.00 ms.
Unloading 3695 Unused Serialized files (Serialized files now loaded: 0)
System memory in use before: 201.4 MB.
System memory in use after: 201.7 MB.

Unloading 18 unused Assets to reduce memory usage. Loaded Objects now: 5206.
Total: 4.137200 ms (FindLiveObjects: 0.418900 ms CreateObjectMapping: 0.230000 ms MarkObjects: 3.466600 ms  DeleteObjects: 0.020800 ms)

AssetImportParameters requested are different than current active one (requested -> active):
  custom:framework-win-MediaFoundation: 216162199b28c13a410421893ffa2e32 -> 
  custom:video-decoder-ogg-theora: a1e56fd34408186e4bbccfd4996cb3dc -> 
  custom:container-muxer-webm: aa71ff27fc2769a1b78a27578f13a17b -> 
  custom:container-demuxer-webm: 4f35f7cbe854078d1ac9338744f61a02 -> 
  custom:container-demuxer-ogg: 62fdf1f143b41e24485cea50d1cbac27 -> 
  custom:video-encoder-webm-vp8: eb34c28f22e8b96e1ab97ce403110664 -> 
  custom:video-decoder-webm-vp8: 9c59270c3fd7afecdb556c50c9e8de78 -> 
  custom:audio-decoder-ogg-vorbis: bf7c407c2cedff20999df2af8eb42d56 -> 
  custom:audio-encoder-webm-vorbis: bf7c407c2cedff20999df2af8eb42d56 -> 
========================================================================
Received Prepare
Registering precompiled user dll's ...
Registered in 0.004562 seconds.
Begin MonoManager ReloadAssembly
Symbol file LoadedFromMemory doesn't match image D:\UnityProject\QframeworkTest01\Library\PackageCache\com.unity.visualscripting@1.6.1\Editor\VisualScripting.Core\Dependencies\YamlDotNet\Unity.VisualScripting.YamlDotNet.dll
Symbol file LoadedFromMemory doesn't match image D:\UnityProject\QframeworkTest01\Library\PackageCache\com.unity.visualscripting@1.6.1\Editor\VisualScripting.Core\Dependencies\DotNetZip\Unity.VisualScripting.IonicZip.dll
Native extension for WindowsStandalone target not found
Refreshing native plugins compatible for Editor in 0.69 ms, found 4 plugins.
Preloading 0 native plugins for Editor in 0.00 ms.
Unable to allocate new scene culling mask
UnityEngine.StackTraceUtility:ExtractStackTrace ()
UnityEditor.SceneManagement.EditorSceneManager:NewPreviewScene (bool)
UnityEditor.SceneManagement.EditorSceneManager:NewPreviewScene ()
UnityEditor.PreviewScene:.ctor (string)
UnityEditor.PreviewRenderUtility:.ctor ()
UnityEditor.Texture3DPreview:InitPreviewUtility ()
UnityEditor.Texture3DPreview:OnEnable ()

[E:\unity\Editor/Src/SceneManager/EditorSceneManager.cpp line 672]

Unable to allocate new scene culling mask
UnityEngine.StackTraceUtility:ExtractStackTrace ()
UnityEditor.SceneManagement.EditorSceneManager:NewPreviewScene (bool)
UnityEditor.SceneManagement.EditorSceneManager:NewPreviewScene ()
UnityEditor.PreviewScene:.ctor (string)
UnityEditor.PreviewRenderUtility:.ctor ()
UnityEditor.Texture3DPreview:InitPreviewUtility ()
UnityEditor.Texture3DPreview:OnEnable ()

[E:\unity\Editor/Src/SceneManager/EditorSceneManager.cpp line 672]

Unable to allocate new scene culling mask
UnityEngine.StackTraceUtility:ExtractStackTrace ()
UnityEditor.SceneManagement.EditorSceneManager:NewPreviewScene (bool)
UnityEditor.SceneManagement.EditorSceneManager:NewPreviewScene ()
UnityEditor.PreviewScene:.ctor (string)
UnityEditor.PreviewRenderUtility:.ctor ()
UnityEditor.Texture3DPreview:InitPreviewUtility ()
UnityEditor.Texture3DPreview:OnEnable ()

[E:\unity\Editor/Src/SceneManager/EditorSceneManager.cpp line 672]

Unable to allocate new scene culling mask
UnityEngine.StackTraceUtility:ExtractStackTrace ()
UnityEditor.SceneManagement.EditorSceneManager:NewPreviewScene (bool)
UnityEditor.SceneManagement.EditorSceneManager:NewPreviewScene ()
UnityEditor.PreviewScene:.ctor (string)
UnityEditor.PreviewRenderUtility:.ctor ()
UnityEditor.Texture3DPreview:InitPreviewUtility ()
UnityEditor.Texture3DPreview:OnEnable ()

[E:\unity\Editor/Src/SceneManager/EditorSceneManager.cpp line 672]

Mono: successfully reloaded assembly
- Completed reload, in  2.726 seconds
Domain Reload Profiling:
	ReloadAssembly (2726ms)
		BeginReloadAssembly (1213ms)
			ExecutionOrderSort (0ms)
			DisableScriptedObjects (14ms)
			BackupInstance (0ms)
			ReleaseScriptingObjects (0ms)
			CreateAndSetChildDomain (36ms)
		EndReloadAssembly (1451ms)
			LoadAssemblies (1702ms)
			RebuildTransferFunctionScriptingTraits (0ms)
			SetupTypeCache (341ms)
			ReleaseScriptCaches (1ms)
			RebuildScriptCaches (44ms)
			SetupLoadedEditorAssemblies (307ms)
				LogAssemblyErrors (0ms)
				InitializePlatformSupportModulesInManaged (5ms)
				SetLoadedEditorAssemblies (0ms)
				RefreshPlugins (1ms)
				BeforeProcessingInitializeOnLoad (71ms)
				ProcessInitializeOnLoadAttributes (212ms)
				ProcessInitializeOnLoadMethodAttributes (10ms)
				AfterProcessingInitializeOnLoad (7ms)
				EditorAssembliesLoaded (0ms)
			ExecutionOrderSort2 (0ms)
			AwakeInstancesAfterBackupRestoration (52ms)
Platform modules already initialized, skipping
Refreshing native plugins compatible for Editor in 0.77 ms, found 4 plugins.
Preloading 0 native plugins for Editor in 0.00 ms.
Unloading 3695 Unused Serialized files (Serialized files now loaded: 0)
System memory in use before: 201.4 MB.
System memory in use after: 201.7 MB.

Unloading 18 unused Assets to reduce memory usage. Loaded Objects now: 5209.
Total: 3.930600 ms (FindLiveObjects: 0.376500 ms CreateObjectMapping: 0.198500 ms MarkObjects: 3.333700 ms  DeleteObjects: 0.021000 ms)

AssetImportParameters requested are different than current active one (requested -> active):
  custom:framework-win-MediaFoundation: 216162199b28c13a410421893ffa2e32 -> 
  custom:video-decoder-ogg-theora: a1e56fd34408186e4bbccfd4996cb3dc -> 
  custom:container-muxer-webm: aa71ff27fc2769a1b78a27578f13a17b -> 
  custom:container-demuxer-webm: 4f35f7cbe854078d1ac9338744f61a02 -> 
  custom:container-demuxer-ogg: 62fdf1f143b41e24485cea50d1cbac27 -> 
  custom:video-encoder-webm-vp8: eb34c28f22e8b96e1ab97ce403110664 -> 
  custom:video-decoder-webm-vp8: 9c59270c3fd7afecdb556c50c9e8de78 -> 
  custom:audio-decoder-ogg-vorbis: bf7c407c2cedff20999df2af8eb42d56 -> 
  custom:audio-encoder-webm-vorbis: bf7c407c2cedff20999df2af8eb42d56 -> 
========================================================================
Received Prepare
Registering precompiled user dll's ...
Registered in 0.151530 seconds.
Begin MonoManager ReloadAssembly
Symbol file LoadedFromMemory doesn't match image D:\UnityProject\QframeworkTest01\Library\PackageCache\com.unity.visualscripting@1.6.1\Editor\VisualScripting.Core\Dependencies\YamlDotNet\Unity.VisualScripting.YamlDotNet.dll
Symbol file LoadedFromMemory doesn't match image D:\UnityProject\QframeworkTest01\Library\PackageCache\com.unity.visualscripting@1.6.1\Editor\VisualScripting.Core\Dependencies\DotNetZip\Unity.VisualScripting.IonicZip.dll
Native extension for WindowsStandalone target not found
Refreshing native plugins compatible for Editor in 0.69 ms, found 4 plugins.
Preloading 0 native plugins for Editor in 0.00 ms.
Unable to allocate new scene culling mask
UnityEngine.StackTraceUtility:ExtractStackTrace ()
UnityEditor.SceneManagement.EditorSceneManager:NewPreviewScene (bool)
UnityEditor.SceneManagement.EditorSceneManager:NewPreviewScene ()
UnityEditor.PreviewScene:.ctor (string)
UnityEditor.PreviewRenderUtility:.ctor ()
UnityEditor.Texture3DPreview:InitPreviewUtility ()
UnityEditor.Texture3DPreview:OnEnable ()

[E:\unity\Editor/Src/SceneManager/EditorSceneManager.cpp line 672]

Unable to allocate new scene culling mask
UnityEngine.StackTraceUtility:ExtractStackTrace ()
UnityEditor.SceneManagement.EditorSceneManager:NewPreviewScene (bool)
UnityEditor.SceneManagement.EditorSceneManager:NewPreviewScene ()
UnityEditor.PreviewScene:.ctor (string)
UnityEditor.PreviewRenderUtility:.ctor ()
UnityEditor.Texture3DPreview:InitPreviewUtility ()
UnityEditor.Texture3DPreview:OnEnable ()

[E:\unity\Editor/Src/SceneManager/EditorSceneManager.cpp line 672]

Unable to allocate new scene culling mask
UnityEngine.StackTraceUtility:ExtractStackTrace ()
UnityEditor.SceneManagement.EditorSceneManager:NewPreviewScene (bool)
UnityEditor.SceneManagement.EditorSceneManager:NewPreviewScene ()
UnityEditor.PreviewScene:.ctor (string)
UnityEditor.PreviewRenderUtility:.ctor ()
UnityEditor.Texture3DPreview:InitPreviewUtility ()
UnityEditor.Texture3DPreview:OnEnable ()

[E:\unity\Editor/Src/SceneManager/EditorSceneManager.cpp line 672]

Unable to allocate new scene culling mask
UnityEngine.StackTraceUtility:ExtractStackTrace ()
UnityEditor.SceneManagement.EditorSceneManager:NewPreviewScene (bool)
UnityEditor.SceneManagement.EditorSceneManager:NewPreviewScene ()
UnityEditor.PreviewScene:.ctor (string)
UnityEditor.PreviewRenderUtility:.ctor ()
UnityEditor.Texture3DPreview:InitPreviewUtility ()
UnityEditor.Texture3DPreview:OnEnable ()

[E:\unity\Editor/Src/SceneManager/EditorSceneManager.cpp line 672]

Mono: successfully reloaded assembly
- Completed reload, in  3.906 seconds
Domain Reload Profiling:
	ReloadAssembly (3906ms)
		BeginReloadAssembly (1409ms)
			ExecutionOrderSort (0ms)
			DisableScriptedObjects (14ms)
			BackupInstance (0ms)
			ReleaseScriptingObjects (0ms)
			CreateAndSetChildDomain (36ms)
		EndReloadAssembly (2426ms)
			LoadAssemblies (2823ms)
			RebuildTransferFunctionScriptingTraits (0ms)
			SetupTypeCache (354ms)
			ReleaseScriptCaches (1ms)
			RebuildScriptCaches (47ms)
			SetupLoadedEditorAssemblies (342ms)
				LogAssemblyErrors (0ms)
				InitializePlatformSupportModulesInManaged (5ms)
				SetLoadedEditorAssemblies (0ms)
				RefreshPlugins (1ms)
				BeforeProcessingInitializeOnLoad (71ms)
				ProcessInitializeOnLoadAttributes (249ms)
				ProcessInitializeOnLoadMethodAttributes (9ms)
				AfterProcessingInitializeOnLoad (7ms)
				EditorAssembliesLoaded (0ms)
			ExecutionOrderSort2 (0ms)
			AwakeInstancesAfterBackupRestoration (41ms)
Platform modules already initialized, skipping
Refreshing native plugins compatible for Editor in 0.74 ms, found 4 plugins.
Preloading 0 native plugins for Editor in 0.00 ms.
Unloading 3695 Unused Serialized files (Serialized files now loaded: 0)
System memory in use before: 201.4 MB.
System memory in use after: 201.7 MB.

Unloading 18 unused Assets to reduce memory usage. Loaded Objects now: 5212.
Total: 4.216300 ms (FindLiveObjects: 0.402000 ms CreateObjectMapping: 0.225600 ms MarkObjects: 3.563800 ms  DeleteObjects: 0.023700 ms)

AssetImportParameters requested are different than current active one (requested -> active):
  custom:framework-win-MediaFoundation: 216162199b28c13a410421893ffa2e32 -> 
  custom:video-decoder-ogg-theora: a1e56fd34408186e4bbccfd4996cb3dc -> 
  custom:container-muxer-webm: aa71ff27fc2769a1b78a27578f13a17b -> 
  custom:container-demuxer-webm: 4f35f7cbe854078d1ac9338744f61a02 -> 
  custom:container-demuxer-ogg: 62fdf1f143b41e24485cea50d1cbac27 -> 
  custom:video-encoder-webm-vp8: eb34c28f22e8b96e1ab97ce403110664 -> 
  custom:video-decoder-webm-vp8: 9c59270c3fd7afecdb556c50c9e8de78 -> 
  custom:audio-decoder-ogg-vorbis: bf7c407c2cedff20999df2af8eb42d56 -> 
  custom:audio-encoder-webm-vorbis: bf7c407c2cedff20999df2af8eb42d56 -> 
AssetImportWorkerClient::OnTransportError - code=2 error=End of file
